#
# There is insufficient memory for the Java Runtime Environment to continue.
# Native memory allocation (malloc) failed to allocate 431696 bytes for Chunk::new
# Possible reasons:
#   The system is out of physical RAM or swap space
#   The process is running with CompressedOops enabled, and the Java Heap may be blocking the growth of the native heap
# Possible solutions:
#   Reduce memory load on the system
#   Increase physical memory or swap space
#   Check if swap backing store is full
#   Decrease Java heap size (-Xmx/-Xms)
#   Decrease number of Java threads
#   Decrease Java thread stack sizes (-Xss)
#   Set larger code cache with -XX:ReservedCodeCacheSize=
#   JVM is running with Unscaled Compressed Oops mode in which the Java heap is
#     placed in the first 4GB address space. The Java Heap base address is the
#     maximum limit for the native heap growth. Please use -XX:HeapBaseMinAddress
#     to set the Java Heap base and to place the Java Heap above 4GB virtual address.
# This output file may be truncated or incomplete.
#
#  Out of Memory Error (arena.cpp:184), pid=15628, tid=13120
#
# JRE version: OpenJDK Runtime Environment (19.0.2+7) (build 19.0.2+7-44)
# Java VM: OpenJDK 64-Bit Server VM (19.0.2+7-44, mixed mode, sharing, tiered, compressed oops, compressed class ptrs, g1 gc, windows-amd64)
# No core dump will be written. Minidumps are not enabled by default on client versions of Windows
#

---------------  S U M M A R Y ------------

Command Line: -javaagent:C:\Program Files\JetBrains\IntelliJ IDEA Community Edition 2022.2.1\lib\idea_rt.jar=49653:C:\Program Files\JetBrains\IntelliJ IDEA Community Edition 2022.2.1\bin -Dfile.encoding=UTF-8 -Dsun.stdout.encoding=UTF-8 -Dsun.stderr.encoding=UTF-8 com.example.loginSignUp.LoginSignUpApplication

Host: Intel(R) Core(TM) i5-9300H CPU @ 2.40GHz, 8 cores, 7G,  Windows 11 , 64 bit Build 22621 (10.0.22621.1344)
Time: Fri Apr 21 16:31:43 2023 India Standard Time elapsed time: 1.067411 seconds (0d 0h 0m 1s)

---------------  T H R E A D  ---------------

Current thread (0x000001d0421eac50):  JavaThread "C2 CompilerThread1" daemon [_thread_in_native, id=13120, stack(0x00000044ee500000,0x00000044ee600000)]


Current CompileTask:
C2:   1067 1470       4       jdk.internal.loader.URLClassPath::getResource (74 bytes)

Stack: [0x00000044ee500000,0x00000044ee600000]
Native frames: (J=compiled Java code, j=interpreted, Vv=VM code, C=native code)
V  [jvm.dll+0x6ee21a]
V  [jvm.dll+0x85765e]
V  [jvm.dll+0x85904e]
V  [jvm.dll+0x859703]
V  [jvm.dll+0x28298f]
V  [jvm.dll+0xc9adf]
V  [jvm.dll+0xc9e65]
V  [jvm.dll+0x3bca12]
V  [jvm.dll+0x3860e1]
V  [jvm.dll+0x38555a]
V  [jvm.dll+0x24c3d9]
V  [jvm.dll+0x24b781]
V  [jvm.dll+0x1d6ce1]
V  [jvm.dll+0x25b25a]
V  [jvm.dll+0x2596e8]
V  [jvm.dll+0x807588]
V  [jvm.dll+0x80125a]
V  [jvm.dll+0x6ecf0b]
C  [ucrtbase.dll+0x29363]
C  [KERNEL32.DLL+0x126bd]
C  [ntdll.dll+0x5a9f8]


---------------  P R O C E S S  ---------------

Threads class SMR info:
_java_thread_list=0x000001d042d762e0, length=15, elements={
0x000001d01f757d60, 0x000001d03deaea10, 0x000001d03deaf5e0, 0x000001d03deb72a0,
0x000001d03deb7d70, 0x000001d03debaff0, 0x000001d03debc260, 0x000001d03dec6550,
0x000001d03decbbd0, 0x000001d03dee0900, 0x000001d03dedf910, 0x000001d0421eac50,
0x000001d03dedfe60, 0x000001d03dee03b0, 0x000001d03dee0e50
}

Java Threads: ( => current thread )
  0x000001d01f757d60 JavaThread "main" [_thread_in_vm, id=15540, stack(0x00000044ed400000,0x00000044ed500000)]
  0x000001d03deaea10 JavaThread "Reference Handler" daemon [_thread_blocked, id=4896, stack(0x00000044edb00000,0x00000044edc00000)]
  0x000001d03deaf5e0 JavaThread "Finalizer" daemon [_thread_blocked, id=10568, stack(0x00000044edc00000,0x00000044edd00000)]
  0x000001d03deb72a0 JavaThread "Signal Dispatcher" daemon [_thread_blocked, id=16688, stack(0x00000044edd00000,0x00000044ede00000)]
  0x000001d03deb7d70 JavaThread "Attach Listener" daemon [_thread_blocked, id=14572, stack(0x00000044ede00000,0x00000044edf00000)]
  0x000001d03debaff0 JavaThread "Service Thread" daemon [_thread_blocked, id=724, stack(0x00000044edf00000,0x00000044ee000000)]
  0x000001d03debc260 JavaThread "Monitor Deflation Thread" daemon [_thread_blocked, id=1556, stack(0x00000044ee000000,0x00000044ee100000)]
  0x000001d03dec6550 JavaThread "C2 CompilerThread0" daemon [_thread_in_native, id=4364, stack(0x00000044ee100000,0x00000044ee200000)]
  0x000001d03decbbd0 JavaThread "C1 CompilerThread0" daemon [_thread_blocked, id=12956, stack(0x00000044ee200000,0x00000044ee300000)]
  0x000001d03dee0900 JavaThread "Sweeper thread" daemon [_thread_blocked, id=18388, stack(0x00000044ee300000,0x00000044ee400000)]
  0x000001d03dedf910 JavaThread "Common-Cleaner" daemon [_thread_blocked, id=16756, stack(0x00000044ee400000,0x00000044ee500000)]
=>0x000001d0421eac50 JavaThread "C2 CompilerThread1" daemon [_thread_in_native, id=13120, stack(0x00000044ee500000,0x00000044ee600000)]
  0x000001d03dedfe60 JavaThread "Monitor Ctrl-Break" daemon [_thread_in_native, id=11688, stack(0x00000044ee600000,0x00000044ee700000)]
  0x000001d03dee03b0 JavaThread "Notification Thread" daemon [_thread_blocked, id=9568, stack(0x00000044ee700000,0x00000044ee800000)]
  0x000001d03dee0e50 JavaThread "background-preinit" [_thread_in_vm, id=3264, stack(0x00000044eee00000,0x00000044eef00000)]

Other Threads:
  0x000001d03de93ad0 VMThread "VM Thread" [stack: 0x00000044eda00000,0x00000044edb00000] [id=2368]
  0x000001d0422951d0 WatcherThread "VM Periodic Task Thread" [stack: 0x00000044ee800000,0x00000044ee900000] [id=11476]
  0x000001d01f7b6710 WorkerThread "GC Thread#0" [stack: 0x00000044ed500000,0x00000044ed600000] [id=7972]
  0x000001d0429a51c0 WorkerThread "GC Thread#1" [stack: 0x00000044ee900000,0x00000044eea00000] [id=15080]
  0x000001d0429a5490 WorkerThread "GC Thread#2" [stack: 0x00000044eea00000,0x00000044eeb00000] [id=13248]
  0x000001d042bbdc80 WorkerThread "GC Thread#3" [stack: 0x00000044eeb00000,0x00000044eec00000] [id=7048]
  0x000001d042be8a10 WorkerThread "GC Thread#4" [stack: 0x00000044eec00000,0x00000044eed00000] [id=18028]
  0x000001d042be7c00 WorkerThread "GC Thread#5" [stack: 0x00000044eed00000,0x00000044eee00000] [id=19256]
  0x000001d01f7c84c0 ConcurrentGCThread "G1 Main Marker" [stack: 0x00000044ed600000,0x00000044ed700000] [id=9276]
  0x000001d01f7c9690 WorkerThread "G1 Conc#0" [stack: 0x00000044ed700000,0x00000044ed800000] [id=1188]
  0x000001d03dd4e540 ConcurrentGCThread "G1 Refine#0" [stack: 0x00000044ed800000,0x00000044ed900000] [id=1908]
  0x000001d03dd4fd40 ConcurrentGCThread "G1 Service" [stack: 0x00000044ed900000,0x00000044eda00000] [id=3132]

Threads with active compile tasks:
C2 CompilerThread0     1085 1482       4       java.util.jar.JarFile::getVersionedEntry (133 bytes)
C2 CompilerThread1     1085 1470       4       jdk.internal.loader.URLClassPath::getResource (74 bytes)

VM state: not at safepoint (normal execution)

VM Mutex/Monitor currently owned by a thread:  ([mutex/lock_event])
[0x000001d01f751d40] Metaspace_lock - owner thread: 0x000001d03dee0e50

Heap address: 0x0000000082600000, size: 2010 MB, Compressed Oops mode: 32-bit

CDS archive(s) mapped at: [0x0000000800000000-0x0000000800c40000-0x0000000800c40000), size 12845056, SharedBaseAddress: 0x0000000800000000, ArchiveRelocationMode: 0.
Compressed class space mapped at: 0x0000000801000000-0x0000000841000000, reserved size: 1073741824
Narrow klass base: 0x0000000800000000, Narrow klass shift: 0, Narrow klass range: 0x100000000

GC Precious Log:
 CardTable entry size: 512
 Card Set container configuration: InlinePtr #cards 5 size 8 Array Of Cards #cards 12 size 40 Howl #buckets 4 coarsen threshold 1843 Howl Bitmap #cards 512 size 80 coarsen threshold 460 Card regions per heap region 1 cards per card region 2048
 CPUs: 8 total, 8 available
 Memory: 8034M
 Large Page Support: Disabled
 NUMA Support: Disabled
 Compressed Oops: Enabled (32-bit)
 Heap Region Size: 1M
 Heap Min Capacity: 8M
 Heap Initial Capacity: 126M
 Heap Max Capacity: 2010M
 Pre-touch: Disabled
 Parallel Workers: 8
 Concurrent Workers: 2
 Concurrent Refinement Workers: 8
 Periodic GC: Disabled

Heap:
 garbage-first heap   total 129024K, used 13152K [0x0000000082600000, 0x0000000100000000)
  region size 1024K, 11 young (11264K), 3 survivors (3072K)
 Metaspace       used 8691K, committed 8832K, reserved 1114112K
  class space    used 1027K, committed 1088K, reserved 1048576K

Heap Regions: E=young(eden), S=young(survivor), O=old, HS=humongous(starts), HC=humongous(continues), CS=collection set, F=free, OA=open archive, CA=closed archive, TAMS=top-at-mark-start (previous, next)
|   0|0x0000000082600000, 0x0000000082700000, 0x0000000082700000|100%|HS|  |TAMS 0x0000000082600000, 0x0000000082600000| Complete 
|   1|0x0000000082700000, 0x0000000082800000, 0x0000000082800000|100%| O|  |TAMS 0x0000000082700000, 0x0000000082700000| Untracked 
|   2|0x0000000082800000, 0x0000000082900000, 0x0000000082900000|100%| O|  |TAMS 0x0000000082800000, 0x0000000082800000| Untracked 
|   3|0x0000000082900000, 0x00000000829d8000, 0x0000000082a00000| 84%| O|  |TAMS 0x0000000082900000, 0x0000000082900000| Untracked 
|   4|0x0000000082a00000, 0x0000000082a00000, 0x0000000082b00000|  0%| F|  |TAMS 0x0000000082a00000, 0x0000000082a00000| Untracked 
|   5|0x0000000082b00000, 0x0000000082b00000, 0x0000000082c00000|  0%| F|  |TAMS 0x0000000082b00000, 0x0000000082b00000| Untracked 
|   6|0x0000000082c00000, 0x0000000082c00000, 0x0000000082d00000|  0%| F|  |TAMS 0x0000000082c00000, 0x0000000082c00000| Untracked 
|   7|0x0000000082d00000, 0x0000000082d00000, 0x0000000082e00000|  0%| F|  |TAMS 0x0000000082d00000, 0x0000000082d00000| Untracked 
|   8|0x0000000082e00000, 0x0000000082e00000, 0x0000000082f00000|  0%| F|  |TAMS 0x0000000082e00000, 0x0000000082e00000| Untracked 
|   9|0x0000000082f00000, 0x0000000082f00000, 0x0000000083000000|  0%| F|  |TAMS 0x0000000082f00000, 0x0000000082f00000| Untracked 
|  10|0x0000000083000000, 0x0000000083000000, 0x0000000083100000|  0%| F|  |TAMS 0x0000000083000000, 0x0000000083000000| Untracked 
|  11|0x0000000083100000, 0x0000000083100000, 0x0000000083200000|  0%| F|  |TAMS 0x0000000083100000, 0x0000000083100000| Untracked 
|  12|0x0000000083200000, 0x0000000083200000, 0x0000000083300000|  0%| F|  |TAMS 0x0000000083200000, 0x0000000083200000| Untracked 
|  13|0x0000000083300000, 0x0000000083300000, 0x0000000083400000|  0%| F|  |TAMS 0x0000000083300000, 0x0000000083300000| Untracked 
|  14|0x0000000083400000, 0x0000000083400000, 0x0000000083500000|  0%| F|  |TAMS 0x0000000083400000, 0x0000000083400000| Untracked 
|  15|0x0000000083500000, 0x0000000083500000, 0x0000000083600000|  0%| F|  |TAMS 0x0000000083500000, 0x0000000083500000| Untracked 
|  16|0x0000000083600000, 0x0000000083600000, 0x0000000083700000|  0%| F|  |TAMS 0x0000000083600000, 0x0000000083600000| Untracked 
|  17|0x0000000083700000, 0x0000000083700000, 0x0000000083800000|  0%| F|  |TAMS 0x0000000083700000, 0x0000000083700000| Untracked 
|  18|0x0000000083800000, 0x0000000083800000, 0x0000000083900000|  0%| F|  |TAMS 0x0000000083800000, 0x0000000083800000| Untracked 
|  19|0x0000000083900000, 0x0000000083900000, 0x0000000083a00000|  0%| F|  |TAMS 0x0000000083900000, 0x0000000083900000| Untracked 
|  20|0x0000000083a00000, 0x0000000083a00000, 0x0000000083b00000|  0%| F|  |TAMS 0x0000000083a00000, 0x0000000083a00000| Untracked 
|  21|0x0000000083b00000, 0x0000000083b00000, 0x0000000083c00000|  0%| F|  |TAMS 0x0000000083b00000, 0x0000000083b00000| Untracked 
|  22|0x0000000083c00000, 0x0000000083c00000, 0x0000000083d00000|  0%| F|  |TAMS 0x0000000083c00000, 0x0000000083c00000| Untracked 
|  23|0x0000000083d00000, 0x0000000083d00000, 0x0000000083e00000|  0%| F|  |TAMS 0x0000000083d00000, 0x0000000083d00000| Untracked 
|  24|0x0000000083e00000, 0x0000000083e00000, 0x0000000083f00000|  0%| F|  |TAMS 0x0000000083e00000, 0x0000000083e00000| Untracked 
|  25|0x0000000083f00000, 0x0000000083f00000, 0x0000000084000000|  0%| F|  |TAMS 0x0000000083f00000, 0x0000000083f00000| Untracked 
|  26|0x0000000084000000, 0x0000000084000000, 0x0000000084100000|  0%| F|  |TAMS 0x0000000084000000, 0x0000000084000000| Untracked 
|  27|0x0000000084100000, 0x0000000084100000, 0x0000000084200000|  0%| F|  |TAMS 0x0000000084100000, 0x0000000084100000| Untracked 
|  28|0x0000000084200000, 0x0000000084200000, 0x0000000084300000|  0%| F|  |TAMS 0x0000000084200000, 0x0000000084200000| Untracked 
|  29|0x0000000084300000, 0x0000000084300000, 0x0000000084400000|  0%| F|  |TAMS 0x0000000084300000, 0x0000000084300000| Untracked 
|  30|0x0000000084400000, 0x0000000084400000, 0x0000000084500000|  0%| F|  |TAMS 0x0000000084400000, 0x0000000084400000| Untracked 
|  31|0x0000000084500000, 0x0000000084500000, 0x0000000084600000|  0%| F|  |TAMS 0x0000000084500000, 0x0000000084500000| Untracked 
|  32|0x0000000084600000, 0x0000000084600000, 0x0000000084700000|  0%| F|  |TAMS 0x0000000084600000, 0x0000000084600000| Untracked 
|  33|0x0000000084700000, 0x0000000084700000, 0x0000000084800000|  0%| F|  |TAMS 0x0000000084700000, 0x0000000084700000| Untracked 
|  34|0x0000000084800000, 0x0000000084800000, 0x0000000084900000|  0%| F|  |TAMS 0x0000000084800000, 0x0000000084800000| Untracked 
|  35|0x0000000084900000, 0x0000000084900000, 0x0000000084a00000|  0%| F|  |TAMS 0x0000000084900000, 0x0000000084900000| Untracked 
|  36|0x0000000084a00000, 0x0000000084a00000, 0x0000000084b00000|  0%| F|  |TAMS 0x0000000084a00000, 0x0000000084a00000| Untracked 
|  37|0x0000000084b00000, 0x0000000084b00000, 0x0000000084c00000|  0%| F|  |TAMS 0x0000000084b00000, 0x0000000084b00000| Untracked 
|  38|0x0000000084c00000, 0x0000000084c00000, 0x0000000084d00000|  0%| F|  |TAMS 0x0000000084c00000, 0x0000000084c00000| Untracked 
|  39|0x0000000084d00000, 0x0000000084d00000, 0x0000000084e00000|  0%| F|  |TAMS 0x0000000084d00000, 0x0000000084d00000| Untracked 
|  40|0x0000000084e00000, 0x0000000084e00000, 0x0000000084f00000|  0%| F|  |TAMS 0x0000000084e00000, 0x0000000084e00000| Untracked 
|  41|0x0000000084f00000, 0x0000000084f00000, 0x0000000085000000|  0%| F|  |TAMS 0x0000000084f00000, 0x0000000084f00000| Untracked 
|  42|0x0000000085000000, 0x0000000085000000, 0x0000000085100000|  0%| F|  |TAMS 0x0000000085000000, 0x0000000085000000| Untracked 
|  43|0x0000000085100000, 0x0000000085100000, 0x0000000085200000|  0%| F|  |TAMS 0x0000000085100000, 0x0000000085100000| Untracked 
|  44|0x0000000085200000, 0x0000000085200000, 0x0000000085300000|  0%| F|  |TAMS 0x0000000085200000, 0x0000000085200000| Untracked 
|  45|0x0000000085300000, 0x0000000085300000, 0x0000000085400000|  0%| F|  |TAMS 0x0000000085300000, 0x0000000085300000| Untracked 
|  46|0x0000000085400000, 0x0000000085400000, 0x0000000085500000|  0%| F|  |TAMS 0x0000000085400000, 0x0000000085400000| Untracked 
|  47|0x0000000085500000, 0x0000000085500000, 0x0000000085600000|  0%| F|  |TAMS 0x0000000085500000, 0x0000000085500000| Untracked 
|  48|0x0000000085600000, 0x0000000085600000, 0x0000000085700000|  0%| F|  |TAMS 0x0000000085600000, 0x0000000085600000| Untracked 
|  49|0x0000000085700000, 0x0000000085700000, 0x0000000085800000|  0%| F|  |TAMS 0x0000000085700000, 0x0000000085700000| Untracked 
|  50|0x0000000085800000, 0x0000000085800000, 0x0000000085900000|  0%| F|  |TAMS 0x0000000085800000, 0x0000000085800000| Untracked 
|  51|0x0000000085900000, 0x0000000085900000, 0x0000000085a00000|  0%| F|  |TAMS 0x0000000085900000, 0x0000000085900000| Untracked 
|  52|0x0000000085a00000, 0x0000000085a00000, 0x0000000085b00000|  0%| F|  |TAMS 0x0000000085a00000, 0x0000000085a00000| Untracked 
|  53|0x0000000085b00000, 0x0000000085b00000, 0x0000000085c00000|  0%| F|  |TAMS 0x0000000085b00000, 0x0000000085b00000| Untracked 
|  54|0x0000000085c00000, 0x0000000085c00000, 0x0000000085d00000|  0%| F|  |TAMS 0x0000000085c00000, 0x0000000085c00000| Untracked 
|  55|0x0000000085d00000, 0x0000000085d00000, 0x0000000085e00000|  0%| F|  |TAMS 0x0000000085d00000, 0x0000000085d00000| Untracked 
|  56|0x0000000085e00000, 0x0000000085e00000, 0x0000000085f00000|  0%| F|  |TAMS 0x0000000085e00000, 0x0000000085e00000| Untracked 
|  57|0x0000000085f00000, 0x0000000085f00000, 0x0000000086000000|  0%| F|  |TAMS 0x0000000085f00000, 0x0000000085f00000| Untracked 
|  58|0x0000000086000000, 0x0000000086000000, 0x0000000086100000|  0%| F|  |TAMS 0x0000000086000000, 0x0000000086000000| Untracked 
|  59|0x0000000086100000, 0x0000000086100000, 0x0000000086200000|  0%| F|  |TAMS 0x0000000086100000, 0x0000000086100000| Untracked 
|  60|0x0000000086200000, 0x0000000086200000, 0x0000000086300000|  0%| F|  |TAMS 0x0000000086200000, 0x0000000086200000| Untracked 
|  61|0x0000000086300000, 0x0000000086300000, 0x0000000086400000|  0%| F|  |TAMS 0x0000000086300000, 0x0000000086300000| Untracked 
|  62|0x0000000086400000, 0x0000000086400000, 0x0000000086500000|  0%| F|  |TAMS 0x0000000086400000, 0x0000000086400000| Untracked 
|  63|0x0000000086500000, 0x0000000086500000, 0x0000000086600000|  0%| F|  |TAMS 0x0000000086500000, 0x0000000086500000| Untracked 
|  64|0x0000000086600000, 0x0000000086600000, 0x0000000086700000|  0%| F|  |TAMS 0x0000000086600000, 0x0000000086600000| Untracked 
|  65|0x0000000086700000, 0x0000000086700000, 0x0000000086800000|  0%| F|  |TAMS 0x0000000086700000, 0x0000000086700000| Untracked 
|  66|0x0000000086800000, 0x0000000086800000, 0x0000000086900000|  0%| F|  |TAMS 0x0000000086800000, 0x0000000086800000| Untracked 
|  67|0x0000000086900000, 0x0000000086900000, 0x0000000086a00000|  0%| F|  |TAMS 0x0000000086900000, 0x0000000086900000| Untracked 
|  68|0x0000000086a00000, 0x0000000086a00000, 0x0000000086b00000|  0%| F|  |TAMS 0x0000000086a00000, 0x0000000086a00000| Untracked 
|  69|0x0000000086b00000, 0x0000000086b00000, 0x0000000086c00000|  0%| F|  |TAMS 0x0000000086b00000, 0x0000000086b00000| Untracked 
|  70|0x0000000086c00000, 0x0000000086c00000, 0x0000000086d00000|  0%| F|  |TAMS 0x0000000086c00000, 0x0000000086c00000| Untracked 
|  71|0x0000000086d00000, 0x0000000086d00000, 0x0000000086e00000|  0%| F|  |TAMS 0x0000000086d00000, 0x0000000086d00000| Untracked 
|  72|0x0000000086e00000, 0x0000000086e00000, 0x0000000086f00000|  0%| F|  |TAMS 0x0000000086e00000, 0x0000000086e00000| Untracked 
|  73|0x0000000086f00000, 0x0000000086f00000, 0x0000000087000000|  0%| F|  |TAMS 0x0000000086f00000, 0x0000000086f00000| Untracked 
|  74|0x0000000087000000, 0x0000000087000000, 0x0000000087100000|  0%| F|  |TAMS 0x0000000087000000, 0x0000000087000000| Untracked 
|  75|0x0000000087100000, 0x0000000087100000, 0x0000000087200000|  0%| F|  |TAMS 0x0000000087100000, 0x0000000087100000| Untracked 
|  76|0x0000000087200000, 0x0000000087200000, 0x0000000087300000|  0%| F|  |TAMS 0x0000000087200000, 0x0000000087200000| Untracked 
|  77|0x0000000087300000, 0x0000000087300000, 0x0000000087400000|  0%| F|  |TAMS 0x0000000087300000, 0x0000000087300000| Untracked 
|  78|0x0000000087400000, 0x0000000087400000, 0x0000000087500000|  0%| F|  |TAMS 0x0000000087400000, 0x0000000087400000| Untracked 
|  79|0x0000000087500000, 0x0000000087500000, 0x0000000087600000|  0%| F|  |TAMS 0x0000000087500000, 0x0000000087500000| Untracked 
|  80|0x0000000087600000, 0x0000000087600000, 0x0000000087700000|  0%| F|  |TAMS 0x0000000087600000, 0x0000000087600000| Untracked 
|  81|0x0000000087700000, 0x0000000087700000, 0x0000000087800000|  0%| F|  |TAMS 0x0000000087700000, 0x0000000087700000| Untracked 
|  82|0x0000000087800000, 0x0000000087800000, 0x0000000087900000|  0%| F|  |TAMS 0x0000000087800000, 0x0000000087800000| Untracked 
|  83|0x0000000087900000, 0x0000000087900000, 0x0000000087a00000|  0%| F|  |TAMS 0x0000000087900000, 0x0000000087900000| Untracked 
|  84|0x0000000087a00000, 0x0000000087a00000, 0x0000000087b00000|  0%| F|  |TAMS 0x0000000087a00000, 0x0000000087a00000| Untracked 
|  85|0x0000000087b00000, 0x0000000087b00000, 0x0000000087c00000|  0%| F|  |TAMS 0x0000000087b00000, 0x0000000087b00000| Untracked 
|  86|0x0000000087c00000, 0x0000000087c00000, 0x0000000087d00000|  0%| F|  |TAMS 0x0000000087c00000, 0x0000000087c00000| Untracked 
|  87|0x0000000087d00000, 0x0000000087d00000, 0x0000000087e00000|  0%| F|  |TAMS 0x0000000087d00000, 0x0000000087d00000| Untracked 
|  88|0x0000000087e00000, 0x0000000087e00000, 0x0000000087f00000|  0%| F|  |TAMS 0x0000000087e00000, 0x0000000087e00000| Untracked 
|  89|0x0000000087f00000, 0x0000000087f00000, 0x0000000088000000|  0%| F|  |TAMS 0x0000000087f00000, 0x0000000087f00000| Untracked 
|  90|0x0000000088000000, 0x0000000088000000, 0x0000000088100000|  0%| F|  |TAMS 0x0000000088000000, 0x0000000088000000| Untracked 
|  91|0x0000000088100000, 0x0000000088100000, 0x0000000088200000|  0%| F|  |TAMS 0x0000000088100000, 0x0000000088100000| Untracked 
|  92|0x0000000088200000, 0x0000000088200000, 0x0000000088300000|  0%| F|  |TAMS 0x0000000088200000, 0x0000000088200000| Untracked 
|  93|0x0000000088300000, 0x0000000088300000, 0x0000000088400000|  0%| F|  |TAMS 0x0000000088300000, 0x0000000088300000| Untracked 
|  94|0x0000000088400000, 0x0000000088400000, 0x0000000088500000|  0%| F|  |TAMS 0x0000000088400000, 0x0000000088400000| Untracked 
|  95|0x0000000088500000, 0x0000000088500000, 0x0000000088600000|  0%| F|  |TAMS 0x0000000088500000, 0x0000000088500000| Untracked 
|  96|0x0000000088600000, 0x0000000088600000, 0x0000000088700000|  0%| F|  |TAMS 0x0000000088600000, 0x0000000088600000| Untracked 
|  97|0x0000000088700000, 0x0000000088700000, 0x0000000088800000|  0%| F|  |TAMS 0x0000000088700000, 0x0000000088700000| Untracked 
|  98|0x0000000088800000, 0x0000000088800000, 0x0000000088900000|  0%| F|  |TAMS 0x0000000088800000, 0x0000000088800000| Untracked 
|  99|0x0000000088900000, 0x0000000088900000, 0x0000000088a00000|  0%| F|  |TAMS 0x0000000088900000, 0x0000000088900000| Untracked 
| 100|0x0000000088a00000, 0x0000000088b00000, 0x0000000088b00000|100%| S|CS|TAMS 0x0000000088a00000, 0x0000000088a00000| Complete 
| 101|0x0000000088b00000, 0x0000000088c00000, 0x0000000088c00000|100%| S|CS|TAMS 0x0000000088b00000, 0x0000000088b00000| Complete 
| 102|0x0000000088c00000, 0x0000000088d00000, 0x0000000088d00000|100%| S|CS|TAMS 0x0000000088c00000, 0x0000000088c00000| Complete 
| 103|0x0000000088d00000, 0x0000000088d00000, 0x0000000088e00000|  0%| F|  |TAMS 0x0000000088d00000, 0x0000000088d00000| Untracked 
| 104|0x0000000088e00000, 0x0000000088e00000, 0x0000000088f00000|  0%| F|  |TAMS 0x0000000088e00000, 0x0000000088e00000| Untracked 
| 105|0x0000000088f00000, 0x0000000088f00000, 0x0000000089000000|  0%| F|  |TAMS 0x0000000088f00000, 0x0000000088f00000| Untracked 
| 106|0x0000000089000000, 0x0000000089000000, 0x0000000089100000|  0%| F|  |TAMS 0x0000000089000000, 0x0000000089000000| Untracked 
| 107|0x0000000089100000, 0x0000000089100000, 0x0000000089200000|  0%| F|  |TAMS 0x0000000089100000, 0x0000000089100000| Untracked 
| 108|0x0000000089200000, 0x0000000089200000, 0x0000000089300000|  0%| F|  |TAMS 0x0000000089200000, 0x0000000089200000| Untracked 
| 109|0x0000000089300000, 0x0000000089300000, 0x0000000089400000|  0%| F|  |TAMS 0x0000000089300000, 0x0000000089300000| Untracked 
| 110|0x0000000089400000, 0x0000000089400000, 0x0000000089500000|  0%| F|  |TAMS 0x0000000089400000, 0x0000000089400000| Untracked 
| 111|0x0000000089500000, 0x0000000089500000, 0x0000000089600000|  0%| F|  |TAMS 0x0000000089500000, 0x0000000089500000| Untracked 
| 112|0x0000000089600000, 0x0000000089600000, 0x0000000089700000|  0%| F|  |TAMS 0x0000000089600000, 0x0000000089600000| Untracked 
| 113|0x0000000089700000, 0x0000000089700000, 0x0000000089800000|  0%| F|  |TAMS 0x0000000089700000, 0x0000000089700000| Untracked 
| 114|0x0000000089800000, 0x0000000089800000, 0x0000000089900000|  0%| F|  |TAMS 0x0000000089800000, 0x0000000089800000| Untracked 
| 115|0x0000000089900000, 0x0000000089900000, 0x0000000089a00000|  0%| F|  |TAMS 0x0000000089900000, 0x0000000089900000| Untracked 
| 116|0x0000000089a00000, 0x0000000089a00000, 0x0000000089b00000|  0%| F|  |TAMS 0x0000000089a00000, 0x0000000089a00000| Untracked 
| 117|0x0000000089b00000, 0x0000000089b00000, 0x0000000089c00000|  0%| F|  |TAMS 0x0000000089b00000, 0x0000000089b00000| Untracked 
| 118|0x0000000089c00000, 0x0000000089ca31b8, 0x0000000089d00000| 63%| E|  |TAMS 0x0000000089c00000, 0x0000000089c00000| Complete 
| 119|0x0000000089d00000, 0x0000000089e00000, 0x0000000089e00000|100%| E|CS|TAMS 0x0000000089d00000, 0x0000000089d00000| Complete 
| 120|0x0000000089e00000, 0x0000000089f00000, 0x0000000089f00000|100%| E|  |TAMS 0x0000000089e00000, 0x0000000089e00000| Complete 
| 121|0x0000000089f00000, 0x000000008a000000, 0x000000008a000000|100%| E|CS|TAMS 0x0000000089f00000, 0x0000000089f00000| Complete 
| 122|0x000000008a000000, 0x000000008a100000, 0x000000008a100000|100%| E|CS|TAMS 0x000000008a000000, 0x000000008a000000| Complete 
| 123|0x000000008a100000, 0x000000008a200000, 0x000000008a200000|100%| E|CS|TAMS 0x000000008a100000, 0x000000008a100000| Complete 
| 124|0x000000008a200000, 0x000000008a300000, 0x000000008a300000|100%| E|CS|TAMS 0x000000008a200000, 0x000000008a200000| Complete 
| 125|0x000000008a300000, 0x000000008a400000, 0x000000008a400000|100%| E|CS|TAMS 0x000000008a300000, 0x000000008a300000| Complete 

Card table byte_map: [0x000001d036dc0000,0x000001d0371b0000] _byte_map_base: 0x000001d0369ad000

Marking Bits (Prev, Next): (CMBitMap*) 0x000001d01f7b7d50, (CMBitMap*) 0x000001d01f7b7d90
 Prev Bits: [0x000001d0375a0000, 0x000001d039508000)
 Next Bits: [0x000001d039510000, 0x000001d03b478000)

Polling page: 0x000001d01d750000

Metaspace:

Usage:
  Non-class:      7.48 MB used.
      Class:      1.00 MB used.
       Both:      8.49 MB used.

Virtual space:
  Non-class space:       64.00 MB reserved,       7.56 MB ( 12%) committed,  1 nodes.
      Class space:        1.00 GB reserved,       1.06 MB ( <1%) committed,  1 nodes.
             Both:        1.06 GB reserved,       8.62 MB ( <1%) committed. 

Chunk freelists:
   Non-Class:  3.64 MB
       Class:  2.75 MB
        Both:  6.39 MB

MaxMetaspaceSize: unlimited
CompressedClassSpaceSize: 1.00 GB
Initial GC threshold: 21.00 MB
Current GC threshold: 21.00 MB
CDS: on
MetaspaceReclaimPolicy: balanced
 - commit_granule_bytes: 65536.
 - commit_granule_words: 8192.
 - virtual_space_node_default_size: 8388608.
 - enlarge_chunks_in_place: 1.
 - new_chunks_are_fully_committed: 0.
 - uncommit_free_chunks: 1.
 - use_allocation_guard: 0.


Internal statistics:

num_allocs_failed_limit: 0.
num_arena_births: 188.
num_arena_deaths: 0.
num_vsnodes_births: 2.
num_vsnodes_deaths: 0.
num_space_committed: 138.
num_space_uncommitted: 0.
num_chunks_returned_to_freelist: 0.
num_chunks_taken_from_freelist: 452.
num_chunk_merges: 0.
num_chunk_splits: 291.
num_chunks_enlarged: 214.
num_inconsistent_stats: 0.

CodeHeap 'non-profiled nmethods': size=120000Kb used=514Kb max_used=514Kb free=119485Kb
 bounds [0x000001d02f170000, 0x000001d02f3e0000, 0x000001d0366a0000]
CodeHeap 'profiled nmethods': size=120000Kb used=2597Kb max_used=2597Kb free=117402Kb
 bounds [0x000001d0276a0000, 0x000001d027930000, 0x000001d02ebd0000]
CodeHeap 'non-nmethods': size=5760Kb used=1256Kb max_used=1279Kb free=4503Kb
 bounds [0x000001d02ebd0000, 0x000001d02ee40000, 0x000001d02f170000]
 total_blobs=1958 nmethods=1495 adapters=373
 compilation: enabled
              stopped_count=0, restarted_count=0
 full_count=0

Compilation events (20 events):
Event: 1.054 Thread 0x000001d03decbbd0 1490       3       java.net.URI::hash (33 bytes)
Event: 1.055 Thread 0x000001d03decbbd0 nmethod 1490 0x000001d027923190 code [0x000001d0279233a0, 0x000001d027923838]
Event: 1.055 Thread 0x000001d03decbbd0 1491       3       java.net.URI::toLower (19 bytes)
Event: 1.055 Thread 0x000001d03decbbd0 nmethod 1491 0x000001d027923a10 code [0x000001d027923bc0, 0x000001d027923d58]
Event: 1.055 Thread 0x000001d03decbbd0 1492       3       java.util.ImmutableCollections$Set12::<init> (53 bytes)
Event: 1.056 Thread 0x000001d03decbbd0 nmethod 1492 0x000001d027923e10 code [0x000001d0279240c0, 0x000001d027924d18]
Event: 1.056 Thread 0x000001d03decbbd0 1493       3       jdk.internal.misc.Unsafe::storeFence (5 bytes)
Event: 1.056 Thread 0x000001d03decbbd0 nmethod 1493 0x000001d027925190 code [0x000001d027925320, 0x000001d027925438]
Event: 1.057 Thread 0x000001d03decbbd0 1495       3       java.lang.invoke.BoundMethodHandle::editor (8 bytes)
Event: 1.058 Thread 0x000001d03decbbd0 nmethod 1495 0x000001d027925510 code [0x000001d0279256e0, 0x000001d027925a68]
Event: 1.060 Thread 0x000001d03decbbd0 1496       3       java.lang.invoke.MethodHandles$Lookup::getDirectConstructorCommon (69 bytes)
Event: 1.061 Thread 0x000001d03decbbd0 nmethod 1496 0x000001d027925c10 code [0x000001d027925e80, 0x000001d0279269b8]
Event: 1.061 Thread 0x000001d03decbbd0 1497       3       java.lang.invoke.MemberName::asConstructor (58 bytes)
Event: 1.061 Thread 0x000001d03decbbd0 nmethod 1497 0x000001d027926d90 code [0x000001d027926fa0, 0x000001d0279275a8]
Event: 1.061 Thread 0x000001d03decbbd0 1498       3       java.lang.invoke.MemberName::asSpecial (89 bytes)
Event: 1.062 Thread 0x000001d03dec6550 nmethod 1479 0x000001d02f1ef710 code [0x000001d02f1ef8e0, 0x000001d02f1f0408]
Event: 1.062 Thread 0x000001d03dec6550 1482       4       java.util.jar.JarFile::getVersionedEntry (133 bytes)
Event: 1.062 Thread 0x000001d03decbbd0 nmethod 1498 0x000001d027927810 code [0x000001d027927ae0, 0x000001d0279287a8]
Event: 1.062 Thread 0x000001d03decbbd0 1499       3       java.lang.invoke.MethodHandles$Lookup::resolveOrFail (48 bytes)
Event: 1.063 Thread 0x000001d03decbbd0 nmethod 1499 0x000001d027928c10 code [0x000001d027928e40, 0x000001d0279294e8]

GC Heap History (2 events):
Event: 0.888 GC heap before
{Heap before GC invocations=0 (full 0):
 garbage-first heap   total 129024K, used 24576K [0x0000000082600000, 0x0000000100000000)
  region size 1024K, 23 young (23552K), 0 survivors (0K)
 Metaspace       used 6812K, committed 7040K, reserved 1114112K
  class space    used 786K, committed 896K, reserved 1048576K
}
Event: 0.894 GC heap after
{Heap after GC invocations=1 (full 0):
 garbage-first heap   total 129024K, used 7008K [0x0000000082600000, 0x0000000100000000)
  region size 1024K, 3 young (3072K), 3 survivors (3072K)
 Metaspace       used 6812K, committed 7040K, reserved 1114112K
  class space    used 786K, committed 896K, reserved 1048576K
}

Dll operation events (10 events):
Event: 0.011 Loaded shared library C:\Users\BELAL\.jdks\openjdk-19.0.2\bin\java.dll
Event: 0.022 Loaded shared library C:\Users\BELAL\.jdks\openjdk-19.0.2\bin\jsvml.dll
Event: 0.162 Loaded shared library C:\Users\BELAL\.jdks\openjdk-19.0.2\bin\zip.dll
Event: 0.165 Loaded shared library C:\Users\BELAL\.jdks\openjdk-19.0.2\bin\instrument.dll
Event: 0.172 Loaded shared library C:\Users\BELAL\.jdks\openjdk-19.0.2\bin\net.dll
Event: 0.174 Loaded shared library C:\Users\BELAL\.jdks\openjdk-19.0.2\bin\nio.dll
Event: 0.178 Loaded shared library C:\Users\BELAL\.jdks\openjdk-19.0.2\bin\zip.dll
Event: 0.268 Loaded shared library C:\Program Files\JetBrains\IntelliJ IDEA Community Edition 2022.2.1\bin\breakgen64.dll
Event: 0.278 Loaded shared library C:\Users\BELAL\.jdks\openjdk-19.0.2\bin\extnet.dll
Event: 0.318 Loaded shared library C:\Users\BELAL\.jdks\openjdk-19.0.2\bin\jimage.dll

Deoptimization events (20 events):
Event: 0.870 Thread 0x000001d01f757d60 Uncommon trap: trap_request=0xffffffde fr.pc=0x000001d02f1cc2c0 relative=0x0000000000000b20
Event: 0.870 Thread 0x000001d01f757d60 Uncommon trap: reason=class_check action=maybe_recompile pc=0x000001d02f1cc2c0 method=java.util.HashMap.putVal(ILjava/lang/Object;Ljava/lang/Object;ZZ)Ljava/lang/Object; @ 91 c2
Event: 0.870 Thread 0x000001d01f757d60 DEOPT PACKING pc=0x000001d02f1cc2c0 sp=0x00000044ed4fe600
Event: 0.870 Thread 0x000001d01f757d60 DEOPT UNPACKING pc=0x000001d02ec36da3 sp=0x00000044ed4fe520 mode 2
Event: 0.870 Thread 0x000001d01f757d60 Uncommon trap: trap_request=0xffffffde fr.pc=0x000001d02f1cc2c0 relative=0x0000000000000b20
Event: 0.870 Thread 0x000001d01f757d60 Uncommon trap: reason=class_check action=maybe_recompile pc=0x000001d02f1cc2c0 method=java.util.HashMap.putVal(ILjava/lang/Object;Ljava/lang/Object;ZZ)Ljava/lang/Object; @ 91 c2
Event: 0.870 Thread 0x000001d01f757d60 DEOPT PACKING pc=0x000001d02f1cc2c0 sp=0x00000044ed4fe600
Event: 0.870 Thread 0x000001d01f757d60 DEOPT UNPACKING pc=0x000001d02ec36da3 sp=0x00000044ed4fe520 mode 2
Event: 0.894 Thread 0x000001d03deaea10 Uncommon trap: trap_request=0xffffff45 fr.pc=0x000001d02f1c6a40 relative=0x00000000000001a0
Event: 0.894 Thread 0x000001d03deaea10 Uncommon trap: reason=unstable_if action=reinterpret pc=0x000001d02f1c6a40 method=java.util.concurrent.locks.ReentrantLock$Sync.lock()V @ 4 c2
Event: 0.894 Thread 0x000001d03deaea10 DEOPT PACKING pc=0x000001d02f1c6a40 sp=0x00000044edbff5c0
Event: 0.894 Thread 0x000001d03deaea10 DEOPT UNPACKING pc=0x000001d02ec36da3 sp=0x00000044edbff510 mode 2
Event: 0.896 Thread 0x000001d01f757d60 Uncommon trap: trap_request=0xffffff45 fr.pc=0x000001d02f1b3f78 relative=0x0000000000000258
Event: 0.896 Thread 0x000001d01f757d60 Uncommon trap: reason=unstable_if action=reinterpret pc=0x000001d02f1b3f78 method=java.lang.String.startsWith(Ljava/lang/String;I)Z @ 1 c2
Event: 0.896 Thread 0x000001d01f757d60 DEOPT PACKING pc=0x000001d02f1b3f78 sp=0x00000044ed4fe6f0
Event: 0.896 Thread 0x000001d01f757d60 DEOPT UNPACKING pc=0x000001d02ec36da3 sp=0x00000044ed4fe658 mode 2
Event: 0.949 Thread 0x000001d01f757d60 Uncommon trap: trap_request=0xffffffde fr.pc=0x000001d02f1cc2c0 relative=0x0000000000000b20
Event: 0.949 Thread 0x000001d01f757d60 Uncommon trap: reason=class_check action=maybe_recompile pc=0x000001d02f1cc2c0 method=java.util.HashMap.putVal(ILjava/lang/Object;Ljava/lang/Object;ZZ)Ljava/lang/Object; @ 91 c2
Event: 0.949 Thread 0x000001d01f757d60 DEOPT PACKING pc=0x000001d02f1cc2c0 sp=0x00000044ed4fe5f0
Event: 0.949 Thread 0x000001d01f757d60 DEOPT UNPACKING pc=0x000001d02ec36da3 sp=0x00000044ed4fe510 mode 2

Classes loaded (20 events):
Event: 1.058 Loading class org/xml/sax/SAXException done
Event: 1.058 Loading class javax/xml/parsers/ParserConfigurationException
Event: 1.058 Loading class javax/xml/parsers/ParserConfigurationException done
Event: 1.059 Loading class org/xml/sax/EntityResolver
Event: 1.059 Loading class org/xml/sax/EntityResolver done
Event: 1.059 Loading class org/xml/sax/InputSource
Event: 1.059 Loading class org/xml/sax/InputSource done
Event: 1.059 Loading class sun/invoke/util/VerifyAccess$1
Event: 1.059 Loading class sun/invoke/util/VerifyAccess$1 done
Event: 1.060 Loading class javax/xml/transform/TransformerFactory
Event: 1.060 Loading class javax/xml/transform/TransformerFactory done
Event: 1.060 Loading class javax/xml/transform/FactoryFinder
Event: 1.060 Loading class javax/xml/transform/FactoryFinder done
Event: 1.060 Loading class jdk/xml/internal/SecuritySupport
Event: 1.061 Loading class jdk/xml/internal/SecuritySupport done
Event: 1.063 Loading class javax/xml/transform/FactoryFinder$1
Event: 1.063 Loading class javax/xml/transform/FactoryFinder$1 done
Event: 1.064 Loading class com/sun/org/apache/xalan/internal/xsltc/trax/TransformerFactoryImpl
Event: 1.064 Loading class com/sun/org/apache/xalan/internal/xsltc/compiler/SourceLoader
Event: 1.064 Loading class com/sun/org/apache/xalan/internal/xsltc/compiler/SourceLoader done

Classes unloaded (0 events):
No events

Classes redefined (0 events):
No events

Internal exceptions (20 events):
Event: 0.832 Thread 0x000001d01f757d60 Exception <a 'java/lang/NoSuchMethodError'{0x0000000088e6bab8}: 'java.lang.Object java.lang.invoke.DirectMethodHandle$Holder.invokeSpecial(java.lang.Object, java.lang.Object, java.lang.Object, java.lang.Object, java.lang.Object, java.lang.Object, int)'> (0x0000000088e6bab8) 
thrown [s\open\src\hotspot\share\interpreter\linkResolver.cpp, line 774]
Event: 0.834 Thread 0x000001d01f757d60 Exception <a 'java/lang/NoSuchMethodError'{0x0000000088e79a10}: 'java.lang.Object java.lang.invoke.DirectMethodHandle$Holder.newInvokeSpecial(java.lang.Object, java.lang.Object, java.lang.Object, java.lang.Object, java.lang.Object, java.lang.Object, int)'> (0x0000000088e79a10) 
thrown [s\open\src\hotspot\share\interpreter\linkResolver.cpp, line 774]
Event: 0.834 Thread 0x000001d01f757d60 Exception <a 'java/lang/NoSuchMethodError'{0x0000000088e7ea78}: 'java.lang.Object java.lang.invoke.DirectMethodHandle$Holder.invokeSpecial(java.lang.Object, java.lang.Object, java.lang.Object, java.lang.Object, java.lang.Object, java.lang.Object, java.lang.Object, int)'> (0x0000000088e7ea78) 
thrown [s\open\src\hotspot\share\interpreter\linkResolver.cpp, line 774]
Event: 0.871 Thread 0x000001d01f757d60 Exception <a 'java/lang/NoSuchMethodError'{0x0000000088d9f488}: 'int java.lang.invoke.DirectMethodHandle$Holder.invokeInterface(java.lang.Object, java.lang.Object)'> (0x0000000088d9f488) 
thrown [s\open\src\hotspot\share\interpreter\linkResolver.cpp, line 774]
Event: 0.921 Thread 0x000001d01f757d60 Exception <a 'java/lang/NoSuchMethodError'{0x000000008a223ce8}: 'java.lang.Object java.lang.invoke.DirectMethodHandle$Holder.invokeSpecial(java.lang.Object, java.lang.Object, java.lang.Object, int, java.lang.Object)'> (0x000000008a223ce8) 
thrown [s\open\src\hotspot\share\interpreter\linkResolver.cpp, line 774]
Event: 0.921 Thread 0x000001d01f757d60 Exception <a 'java/lang/NoSuchMethodError'{0x000000008a22c358}: 'java.lang.Object java.lang.invoke.DirectMethodHandle$Holder.newInvokeSpecial(java.lang.Object, java.lang.Object, java.lang.Object, int, java.lang.Object)'> (0x000000008a22c358) 
thrown [s\open\src\hotspot\share\interpreter\linkResolver.cpp, line 774]
Event: 0.922 Thread 0x000001d01f757d60 Exception <a 'java/lang/NoSuchMethodError'{0x000000008a233d48}: 'java.lang.Object java.lang.invoke.Invokers$Holder.linkToTargetMethod(java.lang.Object, java.lang.Object, int, java.lang.Object, java.lang.Object)'> (0x000000008a233d48) 
thrown [s\open\src\hotspot\share\interpreter\linkResolver.cpp, line 774]
Event: 0.923 Thread 0x000001d01f757d60 Exception <a 'java/lang/NoSuchMethodError'{0x000000008a242868}: 'java.lang.Object java.lang.invoke.DirectMethodHandle$Holder.newInvokeSpecial(java.lang.Object, int, java.lang.Object)'> (0x000000008a242868) 
thrown [s\open\src\hotspot\share\interpreter\linkResolver.cpp, line 774]
Event: 0.924 Thread 0x000001d01f757d60 Exception <a 'java/lang/NoSuchMethodError'{0x000000008a247620}: 'int java.lang.invoke.DirectMethodHandle$Holder.invokeSpecialIFC(java.lang.Object, java.lang.Object, java.lang.Object, java.lang.Object)'> (0x000000008a247620) 
thrown [s\open\src\hotspot\share\interpreter\linkResolver.cpp, line 774]
Event: 0.944 Thread 0x000001d01f757d60 Exception <a 'java/lang/NoSuchMethodError'{0x000000008a108f28}: 'void java.lang.invoke.DirectMethodHandle$Holder.invokeInterface(java.lang.Object, java.lang.Object, java.lang.Object)'> (0x000000008a108f28) 
thrown [s\open\src\hotspot\share\interpreter\linkResolver.cpp, line 774]
Event: 0.964 Thread 0x000001d01f757d60 Exception <a 'java/lang/NoSuchMethodError'{0x000000008a175630}: 'void java.lang.invoke.DirectMethodHandle$Holder.invokeStaticInit(java.lang.Object, java.lang.Object)'> (0x000000008a175630) 
thrown [s\open\src\hotspot\share\interpreter\linkResolver.cpp, line 774]
Event: 0.966 Thread 0x000001d01f757d60 Exception <a 'java/lang/NoSuchMethodError'{0x000000008a181808}: 'void java.lang.invoke.DirectMethodHandle$Holder.invokeStaticInit(java.lang.Object, java.lang.Object, java.lang.Object)'> (0x000000008a181808) 
thrown [s\open\src\hotspot\share\interpreter\linkResolver.cpp, line 774]
Event: 0.972 Thread 0x000001d01f757d60 Exception <a 'java/lang/NoSuchMethodError'{0x000000008a1bcc40}: 'java.lang.Object java.lang.invoke.DirectMethodHandle$Holder.invokeStatic(java.lang.Object, long, java.lang.Object)'> (0x000000008a1bcc40) 
thrown [s\open\src\hotspot\share\interpreter\linkResolver.cpp, line 774]
Event: 0.972 Thread 0x000001d01f757d60 Exception <a 'java/lang/NoSuchMethodError'{0x000000008a1c0540}: 'java.lang.Object java.lang.invoke.DirectMethodHandle$Holder.invokeStaticInit(java.lang.Object, long, java.lang.Object)'> (0x000000008a1c0540) 
thrown [s\open\src\hotspot\share\interpreter\linkResolver.cpp, line 774]
Event: 0.973 Thread 0x000001d01f757d60 Exception <a 'java/lang/NoSuchMethodError'{0x000000008a1c6570}: 'java.lang.Object java.lang.invoke.DirectMethodHandle$Holder.newInvokeSpecial(java.lang.Object, long)'> (0x000000008a1c6570) 
thrown [s\open\src\hotspot\share\interpreter\linkResolver.cpp, line 774]
Event: 0.986 Thread 0x000001d01f757d60 Exception <a 'java/lang/NoSuchMethodError'{0x000000008a00b780}: 'void java.lang.invoke.DirectMethodHandle$Holder.invokeVirtual(java.lang.Object, java.lang.Object, java.lang.Object, java.lang.Object)'> (0x000000008a00b780) 
thrown [s\open\src\hotspot\share\interpreter\linkResolver.cpp, line 774]
Event: 1.020 Thread 0x000001d01f757d60 Exception <a 'java/lang/NoSuchMethodError'{0x0000000089f47a68}: 'void java.lang.invoke.DirectMethodHandle$Holder.invokeSpecial(java.lang.Object, java.lang.Object, java.lang.Object)'> (0x0000000089f47a68) 
thrown [s\open\src\hotspot\share\interpreter\linkResolver.cpp, line 774]
Event: 1.021 Thread 0x000001d01f757d60 Exception <a 'java/lang/NoSuchMethodError'{0x0000000089f4e010}: 'void java.lang.invoke.DirectMethodHandle$Holder.invokeSpecial(java.lang.Object, java.lang.Object, java.lang.Object, java.lang.Object, java.lang.Object)'> (0x0000000089f4e010) 
thrown [s\open\src\hotspot\share\interpreter\linkResolver.cpp, line 774]
Event: 1.028 Thread 0x000001d03dee0e50 Exception <a 'java/lang/NoClassDefFoundError'{0x0000000089fdf1c0}: jakarta/validation/Validation> (0x0000000089fdf1c0) 
thrown [s\open\src\hotspot\share\classfile\systemDictionary.cpp, line 244]
Event: 1.028 Thread 0x000001d01f757d60 Exception <a 'java/lang/IncompatibleClassChangeError'{0x0000000089f7bdd0}: Found class java.lang.Object, but interface was expected> (0x0000000089f7bdd0) 
thrown [s\open\src\hotspot\share\interpreter\linkResolver.cpp, line 841]

VM Operations (20 events):
Event: 0.442 Executing VM operation: HandshakeAllThreads
Event: 0.442 Executing VM operation: HandshakeAllThreads done
Event: 0.594 Executing VM operation: HandshakeAllThreads
Event: 0.594 Executing VM operation: HandshakeAllThreads done
Event: 0.677 Executing VM operation: HandshakeAllThreads
Event: 0.677 Executing VM operation: HandshakeAllThreads done
Event: 0.776 Executing VM operation: ICBufferFull
Event: 0.777 Executing VM operation: ICBufferFull done
Event: 0.887 Executing VM operation: HandshakeAllThreads
Event: 0.887 Executing VM operation: HandshakeAllThreads done
Event: 0.888 Executing VM operation: G1CollectForAllocation
Event: 0.894 Executing VM operation: G1CollectForAllocation done
Event: 0.894 Executing VM operation: HandshakeAllThreads
Event: 0.894 Executing VM operation: HandshakeAllThreads done
Event: 1.013 Executing VM operation: HandshakeAllThreads
Event: 1.013 Executing VM operation: HandshakeAllThreads done
Event: 1.017 Executing VM operation: HandshakeAllThreads
Event: 1.017 Executing VM operation: HandshakeAllThreads done
Event: 1.017 Executing VM operation: HandshakeAllThreads
Event: 1.017 Executing VM operation: HandshakeAllThreads done

Events (15 events):
Event: 0.023 Thread 0x000001d01f757d60 Thread added: 0x000001d01f757d60
Event: 0.039 Thread 0x000001d03deaea10 Thread added: 0x000001d03deaea10
Event: 0.039 Thread 0x000001d03deaf5e0 Thread added: 0x000001d03deaf5e0
Event: 0.040 Thread 0x000001d03deb72a0 Thread added: 0x000001d03deb72a0
Event: 0.040 Thread 0x000001d03deb7d70 Thread added: 0x000001d03deb7d70
Event: 0.040 Thread 0x000001d03debaff0 Thread added: 0x000001d03debaff0
Event: 0.040 Thread 0x000001d03debc260 Thread added: 0x000001d03debc260
Event: 0.040 Thread 0x000001d03dec6550 Thread added: 0x000001d03dec6550
Event: 0.040 Thread 0x000001d03decbbd0 Thread added: 0x000001d03decbbd0
Event: 0.041 Thread 0x000001d03dee0900 Thread added: 0x000001d03dee0900
Event: 0.134 Thread 0x000001d03dedf910 Thread added: 0x000001d03dedf910
Event: 0.216 Thread 0x000001d0421eac50 Thread added: 0x000001d0421eac50
Event: 0.268 Thread 0x000001d03dedfe60 Thread added: 0x000001d03dedfe60
Event: 0.269 Thread 0x000001d03dee03b0 Thread added: 0x000001d03dee03b0
Event: 1.025 Thread 0x000001d03dee0e50 Thread added: 0x000001d03dee0e50


Dynamic libraries:
0x00007ff765660000 - 0x00007ff76566e000 	C:\Users\BELAL\.jdks\openjdk-19.0.2\bin\java.exe
0x00007ff97d1d0000 - 0x00007ff97d3e4000 	C:\WINDOWS\SYSTEM32\ntdll.dll
0x00007ff97b820000 - 0x00007ff97b8e3000 	C:\WINDOWS\System32\KERNEL32.DLL
0x00007ff97a730000 - 0x00007ff97aacc000 	C:\WINDOWS\System32\KERNELBASE.dll
0x00007ff97ab40000 - 0x00007ff97ac51000 	C:\WINDOWS\System32\ucrtbase.dll
0x00007ff965110000 - 0x00007ff965127000 	C:\Users\BELAL\.jdks\openjdk-19.0.2\bin\jli.dll
0x00007ff9691b0000 - 0x00007ff9691cb000 	C:\Users\BELAL\.jdks\openjdk-19.0.2\bin\VCRUNTIME140.dll
0x00007ff97cdf0000 - 0x00007ff97cf9d000 	C:\WINDOWS\System32\USER32.dll
0x00007ff97ac60000 - 0x00007ff97ac86000 	C:\WINDOWS\System32\win32u.dll
0x00007ff95c060000 - 0x00007ff95c2ee000 	C:\WINDOWS\WinSxS\amd64_microsoft.windows.common-controls_6595b64144ccf1df_6.0.22621.608_none_a9444ca7c10bb01d\COMCTL32.dll
0x00007ff97cfd0000 - 0x00007ff97cff9000 	C:\WINDOWS\System32\GDI32.dll
0x00007ff97b9a0000 - 0x00007ff97ba47000 	C:\WINDOWS\System32\msvcrt.dll
0x00007ff97aec0000 - 0x00007ff97afd3000 	C:\WINDOWS\System32\gdi32full.dll
0x00007ff97a690000 - 0x00007ff97a72a000 	C:\WINDOWS\System32\msvcp_win.dll
0x00007ff97d010000 - 0x00007ff97d041000 	C:\WINDOWS\System32\IMM32.DLL
0x00007ff9691a0000 - 0x00007ff9691ac000 	C:\Users\BELAL\.jdks\openjdk-19.0.2\bin\vcruntime140_1.dll
0x00007ff95ab50000 - 0x00007ff95abde000 	C:\Users\BELAL\.jdks\openjdk-19.0.2\bin\msvcp140.dll
0x00007ff92bbd0000 - 0x00007ff92c890000 	C:\Users\BELAL\.jdks\openjdk-19.0.2\bin\server\jvm.dll
0x00007ff97d0e0000 - 0x00007ff97d18e000 	C:\WINDOWS\System32\ADVAPI32.dll
0x00007ff97c6c0000 - 0x00007ff97c764000 	C:\WINDOWS\System32\sechost.dll
0x00007ff97c5a0000 - 0x00007ff97c6b5000 	C:\WINDOWS\System32\RPCRT4.dll
0x00007ff9623e0000 - 0x00007ff9623e9000 	C:\WINDOWS\SYSTEM32\WSOCK32.dll
0x00007ff9744a0000 - 0x00007ff9744d4000 	C:\WINDOWS\SYSTEM32\WINMM.dll
0x00007ff9744e0000 - 0x00007ff9744ea000 	C:\WINDOWS\SYSTEM32\VERSION.dll
0x00007ff97b680000 - 0x00007ff97b6f1000 	C:\WINDOWS\System32\WS2_32.dll
0x00007ff979750000 - 0x00007ff979768000 	C:\WINDOWS\SYSTEM32\kernel.appcore.dll
0x00007ff968a50000 - 0x00007ff968a5a000 	C:\Users\BELAL\.jdks\openjdk-19.0.2\bin\jimage.dll
0x00007ff966dd0000 - 0x00007ff966ffe000 	C:\WINDOWS\SYSTEM32\DBGHELP.DLL
0x00007ff97b0c0000 - 0x00007ff97b449000 	C:\WINDOWS\System32\combase.dll
0x00007ff97afe0000 - 0x00007ff97b0b7000 	C:\WINDOWS\System32\OLEAUT32.dll
0x00007ff966d40000 - 0x00007ff966d72000 	C:\WINDOWS\SYSTEM32\dbgcore.DLL
0x00007ff97a610000 - 0x00007ff97a68b000 	C:\WINDOWS\System32\bcryptPrimitives.dll
0x00007ff96b060000 - 0x00007ff96b06e000 	C:\Users\BELAL\.jdks\openjdk-19.0.2\bin\instrument.dll
0x00007ff9645e0000 - 0x00007ff964606000 	C:\Users\BELAL\.jdks\openjdk-19.0.2\bin\java.dll
0x00007ff93c910000 - 0x00007ff93c9e7000 	C:\Users\BELAL\.jdks\openjdk-19.0.2\bin\jsvml.dll
0x00007ff97bbb0000 - 0x00007ff97c3a0000 	C:\WINDOWS\System32\SHELL32.dll
0x00007ff978630000 - 0x00007ff978efe000 	C:\WINDOWS\SYSTEM32\windows.storage.dll
0x00007ff9784f0000 - 0x00007ff97862e000 	C:\WINDOWS\SYSTEM32\wintypes.dll
0x00007ff97c3b0000 - 0x00007ff97c4a1000 	C:\WINDOWS\System32\SHCORE.dll
0x00007ff97b620000 - 0x00007ff97b67e000 	C:\WINDOWS\System32\shlwapi.dll
0x00007ff97a540000 - 0x00007ff97a561000 	C:\WINDOWS\SYSTEM32\profapi.dll
0x00007ff963700000 - 0x00007ff963718000 	C:\Users\BELAL\.jdks\openjdk-19.0.2\bin\zip.dll
0x00007ff9650f0000 - 0x00007ff965103000 	C:\Users\BELAL\.jdks\openjdk-19.0.2\bin\net.dll
0x00007ff974370000 - 0x00007ff97449f000 	C:\WINDOWS\SYSTEM32\WINHTTP.dll
0x00007ff979bc0000 - 0x00007ff979c29000 	C:\WINDOWS\system32\mswsock.dll
0x00007ff9645c0000 - 0x00007ff9645d6000 	C:\Users\BELAL\.jdks\openjdk-19.0.2\bin\nio.dll
0x00007ff96aae0000 - 0x00007ff96aafa000 	C:\Program Files\JetBrains\IntelliJ IDEA Community Edition 2022.2.1\bin\breakgen64.dll
0x00007ff965370000 - 0x00007ff965378000 	C:\Users\BELAL\.jdks\openjdk-19.0.2\bin\extnet.dll

dbghelp: loaded successfully - version: 4.0.5 - missing functions: none
symbol engine: initialized successfully - sym options: 0x614 - pdb path: .;C:\Users\BELAL\.jdks\openjdk-19.0.2\bin;C:\WINDOWS\SYSTEM32;C:\WINDOWS\WinSxS\amd64_microsoft.windows.common-controls_6595b64144ccf1df_6.0.22621.608_none_a9444ca7c10bb01d;C:\Users\BELAL\.jdks\openjdk-19.0.2\bin\server;C:\Program Files\JetBrains\IntelliJ IDEA Community Edition 2022.2.1\bin

VM Arguments:
jvm_args: -javaagent:C:\Program Files\JetBrains\IntelliJ IDEA Community Edition 2022.2.1\lib\idea_rt.jar=49653:C:\Program Files\JetBrains\IntelliJ IDEA Community Edition 2022.2.1\bin -Dfile.encoding=UTF-8 -Dsun.stdout.encoding=UTF-8 -Dsun.stderr.encoding=UTF-8 
java_command: com.example.loginSignUp.LoginSignUpApplication
java_class_path (initial): C:\Users\BELAL\projects\loginSignUp\target\classes;C:\Users\BELAL\.m2\repository\org\springframework\boot\spring-boot-starter-data-jpa\3.0.6\spring-boot-starter-data-jpa-3.0.6.jar;C:\Users\BELAL\.m2\repository\org\springframework\boot\spring-boot-starter-aop\3.0.6\spring-boot-starter-aop-3.0.6.jar;C:\Users\BELAL\.m2\repository\org\aspectj\aspectjweaver\1.9.19\aspectjweaver-1.9.19.jar;C:\Users\BELAL\.m2\repository\org\springframework\boot\spring-boot-starter-jdbc\3.0.6\spring-boot-starter-jdbc-3.0.6.jar;C:\Users\BELAL\.m2\repository\com\zaxxer\HikariCP\5.0.1\HikariCP-5.0.1.jar;C:\Users\BELAL\.m2\repository\org\springframework\spring-jdbc\6.0.8\spring-jdbc-6.0.8.jar;C:\Users\BELAL\.m2\repository\org\hibernate\orm\hibernate-core\6.1.7.Final\hibernate-core-6.1.7.Final.jar;C:\Users\BELAL\.m2\repository\jakarta\persistence\jakarta.persistence-api\3.1.0\jakarta.persistence-api-3.1.0.jar;C:\Users\BELAL\.m2\repository\jakarta\transaction\jakarta.transaction-api\2.0.1\jakarta.transaction-api-2.0.1.jar;C:\Users\BELAL\.m2\repository\org\jboss\logging\jboss-logging\3.5.0.Final\jboss-logging-3.5.0.Final.jar;C:\Users\BELAL\.m2\repository\org\hibernate\common\hibernate-commons-annotations\6.0.6.Final\hibernate-commons-annotations-6.0.6.Final.jar;C:\Users\BELAL\.m2\repository\org\jboss\jandex\2.4.2.Final\jandex-2.4.2.Final.jar;C:\Users\BELAL\.m2\repository\com\fasterxml\classmate\1.5.1\classmate-1.5.1.jar;C:\Users\BELAL\.m2\repository\net\bytebuddy\byte-buddy\1.12.23\byte-buddy-1.12.23.jar;C:\Users\BELAL\.m2\repository\org\glassfish\jaxb\jaxb-runtime\4.0.2\jaxb-runtime-4.0.2.jar;C:\Users\BELAL\.m2\repository\org\glassfish\jaxb\jaxb-core\4.0.2\jaxb-core-4.0.2.jar;C:\Users\BELAL\.m2\repository\org\glassfish\jaxb\txw2\4.0.2\txw2-4.0.2.jar;C:\Users\BELAL\.m2\repository\com\sun\istack\istack-commons-runtime\4.1.1\istack-commons-runtime-4.1.1.jar;C:\Users\BELAL\.m2\repository\jakarta\inject\jakarta.inject-api\2.0.0\jakarta.inject-api-2.0.0.jar;C:\Users\BELAL\.m2\repository\org\antlr\antlr4-runtime\4.10.1\antlr4-runtime-4.10.1.jar;C:\Users\BELAL\.m2\repository\org\springframework\data\spring-data-jpa\3.0.5\spring-data-jpa-3.0.5.jar;C:\Users\BELAL\.m2\repository\org\springframework\data\spring-data-commons\3.0.5\spring-data-commons-3.0.5.jar;C:\Users\BELAL\.m2\repository\org\springframework\spring-orm\6.0.8\spring-orm-6.0.8.jar;C:\Users\BELAL\.m2\repository\org\springframework\spring-context\6.0.8\spring-context-6.0.8.jar;C:\Users\BELAL\.m2\repository\org\springframework\spring-tx\6.0.8\spring-tx-6.0.8.jar;C:\Users\BELAL\.m2\repository\org\springframework\spring-beans\6.0.8\spring-beans-6.0.8.jar;C:\Users\BELAL\.m2\repository\jakarta\annotation\jakarta.annotation-api\2.1.1\jakarta.annotation-api-2.1.1.jar;C:\Users\BELAL\.m2\repository\org\slf4j\slf4j-api\2.0.7\slf4j-api-2.0.7.jar;C:\Users\BELAL\.m2\repository\org\springframework\spring-aspects\6.0.8\spring-aspects-6.0.8.jar;C:\Users\BELAL\.m2\repository\org\springframework\boot\spring-boot-starter-web\3.0.6\spring-boot-starter-web-3.0.6.jar;C:\Users\BELAL\.m2\repository\org\springframework\boot\spring-boot-starter\3.0.6\spring-boot-starter-3.0.6.jar;C:\Users\BELAL\.m2\repository\org\springframework\boot\spring-boot\3.0.6\spring-boot-3.0.6.jar;C:\Users\BELAL\.m2\repository\org\springframework\boot\spring-boot-autoconfigure\3.0.6\spring-boot-autoconfigure-3.0.6.jar;C:\Users\BELAL\.m2\repository\org\springframework\boot\spring-boot-starter-logging\3.0.6\spring-boot-starter-logging-3.0.6.jar;C:\Users\BELAL\.m2\repository\ch\qos\logback\logback-classic\1.4.7\logback-classic-1.4.7.jar;C:\Users\BELAL\.m2\repository\ch\qos\logback\logback-core\1.4.7\logback-core-1.4.7.jar;C:\Users\BELAL\.m2\repository\org\apache\logging\log4j\log4j-to-slf4j\2.19.0\log4j-to-slf4j-2.19.0.jar;C:\Users\BELAL\.m2\repository\org\apache\logging\log4j\log4j-api\2.19.0\log4j-api-2.19.0.jar;C:\Users\BELAL\.m2\repository\org\slf4j\jul-to-slf4j\2.0.7\jul-to-slf4j-2.0.7.jar;C:\Users\BELAL\.m2\repository\org\yaml\snakeyaml\1.33\snakeyaml-1.33.jar;C:\Users\BELAL\.m2\repository\org\springframework\boot\spring-boot-starter-json\3.0.6\spring-boot-starter-json-3.0.6.jar;C:\Users\BELAL\.m2\repository\com\fasterxml\jackson\core\jackson-databind\2.14.2\jackson-databind-2.14.2.jar;C:\Users\BELAL\.m2\repository\com\fasterxml\jackson\core\jackson-annotations\2.14.2\jackson-annotations-2.14.2.jar;C:\Users\BELAL\.m2\repository\com\fasterxml\jackson\core\jackson-core\2.14.2\jackson-core-2.14.2.jar;C:\Users\BELAL\.m2\repository\com\fasterxml\jackson\datatype\jackson-datatype-jdk8\2.14.2\jackson-datatype-jdk8-2.14.2.jar;C:\Users\BELAL\.m2\repository\com\fasterxml\jackson\datatype\jackson-datatype-jsr310\2.14.2\jackson-datatype-jsr310-2.14.2.jar;C:\Users\BELAL\.m2\repository\com\fasterxml\jackson\module\jackson-module-parameter-names\2.14.2\jackson-module-parameter-names-2.14.2.jar;C:\Users\BELAL\.m2\repository\org\springframework\boot\spring-boot-starter-tomcat\3.0.6\spring-boot-starter-tomcat-3.0.6.jar;C:\Users\BELAL\.m2\repository\org\apache\tomcat\embed\tomcat-embed-core\10.1.8\tomcat-embed-core-10.1.8.jar;C:\Users\BELAL\.m2\repository\org\apache\tomcat\embed\tomcat-embed-el\10.1.8\tomcat-embed-el-10.1.8.jar;C:\Users\BELAL\.m2\repository\org\apache\tomcat\embed\tomcat-embed-websocket\10.1.8\tomcat-embed-websocket-10.1.8.jar;C:\Users\BELAL\.m2\repository\org\springframework\spring-web\6.0.8\spring-web-6.0.8.jar;C:\Users\BELAL\.m2\repository\io\micrometer\micrometer-observation\1.10.6\micrometer-observation-1.10.6.jar;C:\Users\BELAL\.m2\repository\io\micrometer\micrometer-commons\1.10.6\micrometer-commons-1.10.6.jar;C:\Users\BELAL\.m2\repository\org\springframework\spring-webmvc\6.0.8\spring-webmvc-6.0.8.jar;C:\Users\BELAL\.m2\repository\org\springframework\spring-expression\6.0.8\spring-expression-6.0.8.jar;C:\Users\BELAL\.m2\repository\org\springframework\boot\spring-boot-starter-security\3.0.6\spring-boot-starter-security-3.0.6.jar;C:\Users\BELAL\.m2\repository\org\springframework\spring-aop\6.0.8\spring-aop-6.0.8.jar;C:\Users\BELAL\.m2\repository\org\springframework\security\spring-security-config\6.0.3\spring-security-config-6.0.3.jar;C:\Users\BELAL\.m2\repository\org\springframework\security\spring-security-core\6.0.3\spring-security-core-6.0.3.jar;C:\Users\BELAL\.m2\repository\org\springframework\security\spring-security-crypto\6.0.3\spring-security-crypto-6.0.3.jar;C:\Users\BELAL\.m2\repository\org\springframework\security\spring-security-web\6.0.3\spring-security-web-6.0.3.jar;C:\Users\BELAL\.m2\repository\org\springframework\boot\spring-boot-starter-mail\3.0.6\spring-boot-starter-mail-3.0.6.jar;C:\Users\BELAL\.m2\repository\org\springframework\spring-context-support\6.0.8\spring-context-support-6.0.8.jar;C:\Users\BELAL\.m2\repository\org\eclipse\angus\jakarta.mail\1.0.0\jakarta.mail-1.0.0.jar;C:\Users\BELAL\.m2\repository\jakarta\activation\jakarta.activation-api\2.1.1\jakarta.activation-api-2.1.1.jar;C:\Users\BELAL\.m2\repository\org\eclipse\angus\angus-activation\2.0.0\angus-activation-2.0.0.jar;C:\Users\BELAL\.m2\repository\org\postgresql\postgresql\42.5.4\postgresql-42.5.4.jar;C:\Users\BELAL\.m2\repository\org\checkerframework\checker-qual\3.5.0\checker-qual-3.5.0.jar;C:\Users\BELAL\.m2\repository\org\projectlombok\lombok\1.18.26\lombok-1.18.26.jar;C:\Users\BELAL\.m2\repository\jakarta\xml\bind\jakarta.xml.bind-api\4.0.0\jakarta.xml.bind-api-4.0.0.jar;C:\Users\BELAL\.m2\repository\org\springframework\spring-core\6.0.8\spring-core-6.0.8.jar;C:\Users\BELAL\.m2\repository\org\springframework\spring-jcl\6.0.8\spring-jcl-6.0.8.jar
Launcher Type: SUN_STANDARD

[Global flags]
     intx CICompilerCount                          = 4                                         {product} {ergonomic}
     uint ConcGCThreads                            = 2                                         {product} {ergonomic}
     uint G1ConcRefinementThreads                  = 8                                         {product} {ergonomic}
   size_t G1HeapRegionSize                         = 1048576                                   {product} {ergonomic}
    uintx GCDrainStackTargetSize                   = 64                                        {product} {ergonomic}
   size_t InitialHeapSize                          = 132120576                                 {product} {ergonomic}
   size_t MarkStackSize                            = 4194304                                   {product} {ergonomic}
   size_t MaxHeapSize                              = 2107637760                                {product} {ergonomic}
   size_t MaxNewSize                               = 1264582656                                {product} {ergonomic}
   size_t MinHeapDeltaBytes                        = 1048576                                   {product} {ergonomic}
   size_t MinHeapSize                              = 8388608                                   {product} {ergonomic}
    uintx NonNMethodCodeHeapSize                   = 5839372                                {pd product} {ergonomic}
    uintx NonProfiledCodeHeapSize                  = 122909434                              {pd product} {ergonomic}
    uintx ProfiledCodeHeapSize                     = 122909434                              {pd product} {ergonomic}
    uintx ReservedCodeCacheSize                    = 251658240                              {pd product} {ergonomic}
     bool SegmentedCodeCache                       = true                                      {product} {ergonomic}
   size_t SoftMaxHeapSize                          = 2107637760                             {manageable} {ergonomic}
     bool UseCompressedClassPointers               = true                           {product lp64_product} {ergonomic}
     bool UseCompressedOops                        = true                           {product lp64_product} {ergonomic}
     bool UseG1GC                                  = true                                      {product} {ergonomic}
     bool UseLargePagesIndividualAllocation        = false                                  {pd product} {ergonomic}

Logging:
Log output configuration:
 #0: stdout all=warning uptime,level,tags foldmultilines=false
 #1: stderr all=off uptime,level,tags foldmultilines=false

Environment Variables:
PATH=C:\Program Files\Tesseract-OCR;C:\Users\BELAL\AppData\Local\Programs\Python\Python310\Scripts;C:\Program Files\Common Files\Oracle\Java\javapath;C:\MinGW\bin;C:\Windows\system32;C:\Windows;C:\Windows\System32\Wbem;C:\Windows\System32\WindowsPowerShell\v1.0\;C:\Windows\System32\OpenSSH\;C:\Program Files\Microsoft SQL Server\150\Tools\Binn\;C:\Program Files\Git\cmd;C:\Users\BELAL\AppData\Local\Programs\Python\Python310;C:\WINDOWS\system32;C:\WINDOWS;C:\WINDOWS\System32\Wbem;C:\WINDOWS\System32\WindowsPowerShell\v1.0\;C:\WINDOWS\System32\OpenSSH\;C:\Users\BELAL\AppData\Local\Android\Sdk\platform-tools;C:\Program Files\nodejs\;C:\Users\BELAL\AppData\Local\Android\Sdk;C:\Users\BELAL\AppData\Local\Microsoft\WindowsApps;C:\Users\BELAL\AppData\Local\Programs\Microsoft VS Code\bin;C:\Program Files\JetBrains\IntelliJ IDEA Community Edition 2022.2.1\bin;;C:\Users\BELAL\AppData\Roaming\npm;C:\Users\BELAL\AppData\Local\Programs\Python\Python310\scripts;C:\Users\BELAL\AppData\Local\Programs\Python\Python310;C:\Users\BELAL\AppData\Local\Android\Sdk\platform-tools;C:\Program Files\Appium\appium.exe;
USERNAME=BELAL
OS=Windows_NT
PROCESSOR_IDENTIFIER=Intel64 Family 6 Model 158 Stepping 13, GenuineIntel
TMP=C:\Users\BELAL\AppData\Local\Temp
TEMP=C:\Users\BELAL\AppData\Local\Temp



---------------  S Y S T E M  ---------------

OS:
 Windows 11 , 64 bit Build 22621 (10.0.22621.1344)
OS uptime: 1 days 2:39 hours

CPU: total 8 (initial active 8) (4 cores per cpu, 2 threads per core) family 6 model 158 stepping 13 microcode 0xde, cx8, cmov, fxsr, ht, mmx, 3dnowpref, sse, sse2, sse3, ssse3, sse4.1, sse4.2, popcnt, lzcnt, tsc, tscinvbit, avx, avx2, aes, erms, clmul, bmi1, bmi2, adx, fma, vzeroupper, clflush, clflushopt, rdtscp

Memory: 4k page, system-wide physical 8034M (978M free)
TotalPageFile size 10082M (AvailPageFile size 4M)
current process WorkingSet (physical memory assigned to process): 88M, peak: 88M
current process commit charge ("private bytes"): 230M, peak: 230M

vm_info: OpenJDK 64-Bit Server VM (19.0.2+7-44) for windows-amd64 JRE (19.0.2+7-44), built on 2022-11-30T18:02:09Z by "mach5one" with MS VC++ 17.1 (VS2022)

END.
